<?xml version="1.0" encoding="UTF-8"?>

<mule xmlns:dw="http://www.mulesoft.org/schema/mule/ee/dw" xmlns:marketo="http://www.mulesoft.org/schema/mule/marketo" xmlns:sfdc="http://www.mulesoft.org/schema/mule/sfdc"
	xmlns:json="http://www.mulesoft.org/schema/mule/json" xmlns="http://www.mulesoft.org/schema/mule/core"
	xmlns:doc="http://www.mulesoft.org/schema/mule/documentation"
	xmlns:spring="http://www.springframework.org/schema/beans" 
	xmlns:xsi="http://www.w3.org/2001/XMLSchema-instance"
	xsi:schemaLocation="http://www.springframework.org/schema/beans http://www.springframework.org/schema/beans/spring-beans-current.xsd
http://www.mulesoft.org/schema/mule/core http://www.mulesoft.org/schema/mule/core/current/mule.xsd
http://www.mulesoft.org/schema/mule/sfdc http://www.mulesoft.org/schema/mule/sfdc/current/mule-sfdc.xsd
http://www.mulesoft.org/schema/mule/json http://www.mulesoft.org/schema/mule/json/current/mule-json.xsd
http://www.mulesoft.org/schema/mule/marketo http://www.mulesoft.org/schema/mule/marketo/current/mule-marketo.xsd
http://www.mulesoft.org/schema/mule/ee/dw http://www.mulesoft.org/schema/mule/ee/dw/current/dw.xsd">

	<sub-flow name="createLeadInMarketoFlow" >
        <marketo:create-or-update-lead config-ref="Marketo_Configuration" doc:name="Marketo"/>

		<logger level="INFO" message="Create Lead in Marketo result: #[payload]" doc:name="Logger"/>
	</sub-flow>

	<sub-flow name="retrieveLeadFromSalesforceBFlow" >
		<sfdc:query-single config-ref="SalesforceB"
			query="SELECT Email, FirstName, LastName, Country, Company, Id, LastModifiedDate, Owner.Id, Owner.Name FROM Lead WHERE Email = '#[payload['email']]'"
			doc:name="Salesforce" />
		<logger level="INFO" message="Retrieve Lead from SFDC B result: #[payload]" doc:name="Logger"/>
	</sub-flow>
	<sub-flow name="deleteLeadFromMarketoFlow" >
        <marketo:delete-lead config-ref="Marketo_Configuration" doc:name="Marketo"/>

		<logger level="INFO" message="Remove Lead from Marketo result: #[payload]" doc:name="Logger"/>
	</sub-flow>
	<sub-flow name="deleteLeadFromSalesforceBFlow" >
		<sfdc:delete config-ref="SalesforceB" doc:name="Salesforce">
			<sfdc:ids ref="#[payload]" />
		</sfdc:delete>
		<logger level="INFO" message="Remove Lead from SFDC B result: #[payload]" doc:name="Logger"/>
	</sub-flow>
</mule>